<?xml version="1.0" encoding="UTF-8"?>
<!-- Generated by org.testng.reporters.JUnitReportReporter -->
<testsuite hostname="NitanshaTanwar" failures="0" tests="3" name="dhruvanshtanwar.tests.SubmitOrderTest" time="22.269" errors="0" timestamp="2022-11-13T19:53:15 IST" skipped="0">
  <testcase classname="dhruvanshtanwar.tests.SubmitOrderTest" name="submitOrder" time="8.683"/>
  <system-out/>
  <testcase classname="dhruvanshtanwar.tests.SubmitOrderTest" name="orderHistoryTest" time="5.838"/>
  <system-out/>
  <testcase classname="dhruvanshtanwar.tests.SubmitOrderTest" name="submitOrder" time="7.748"/>
  <system-out/>
</testsuite> <!-- dhruvanshtanwar.tests.SubmitOrderTest -->
