<?xml version="1.0" encoding="UTF-8"?>
<!-- Generated by org.testng.reporters.JUnitReportReporter -->
<testsuite hostname="NitanshaTanwar" failures="0" tests="3" name="dhruvanshtanwar.tests.SubmitOrderTest" time="16.543" errors="0" timestamp="2022-11-16T11:17:15 IST" skipped="0">
  <testcase classname="dhruvanshtanwar.tests.SubmitOrderTest" name="submitOrder" time="6.992"/>
  <system-out/>
  <testcase classname="dhruvanshtanwar.tests.SubmitOrderTest" name="orderHistoryTest" time="3.945"/>
  <system-out/>
  <testcase classname="dhruvanshtanwar.tests.SubmitOrderTest" name="submitOrder" time="5.606"/>
  <system-out/>
</testsuite> <!-- dhruvanshtanwar.tests.SubmitOrderTest -->
