<?xml version="1.0" encoding="UTF-8"?>
<!-- Generated by org.testng.reporters.JUnitReportReporter -->
<testsuite hostname="Dan" failures="0" tests="3" name="dhruvanshtanwar.tests.SubmitOrderTest" time="61.846" errors="0" timestamp="2022-11-13T14:25:31 IST" skipped="0">
  <testcase classname="dhruvanshtanwar.tests.SubmitOrderTest" name="orderHistoryTest" time="21.247"/>
  <system-out/>
  <testcase classname="dhruvanshtanwar.tests.SubmitOrderTest" name="submitOrder" time="24.159"/>
  <system-out/>
  <testcase classname="dhruvanshtanwar.tests.SubmitOrderTest" name="submitOrder" time="16.440"/>
  <system-out/>
</testsuite> <!-- dhruvanshtanwar.tests.SubmitOrderTest -->
